<?xml version="1.0" encoding="UTF-8"?>
<!-- Generated by org.testng.reporters.JUnitReportReporter -->
<testsuite skipped="0" hostname="BYREDDY" name="roughwork.APROnline" tests="1" failures="0" timestamp="26 Mar 2019 14:24:17 GMT" time="11.547" errors="0">
  <testcase name="multiWindows" time="11.547" classname="roughwork.APROnline"/>
</testsuite> <!-- roughwork.APROnline -->
