<?xml version="1.0" encoding="UTF-8"?>
<!-- Generated by org.testng.reporters.JUnitReportReporter -->
<testsuite skipped="0" hostname="BYREDDY" name="roughwork.SampleTest" tests="1" failures="0" timestamp="19 Mar 2019 08:01:45 GMT" time="15.106" errors="0">
  <testcase name="Form" time="15.106" classname="roughwork.SampleTest"/>
</testsuite> <!-- roughwork.SampleTest -->
