<?xml version="1.0" encoding="UTF-8"?>
<!-- Generated by org.testng.reporters.JUnitReportReporter -->
<testsuite skipped="0" hostname="BYREDDY" name="roughwork.According" tests="1" failures="0" timestamp="29 Mar 2019 07:22:44 GMT" time="24.778" errors="0">
  <testcase name="controlGroup" time="24.778" classname="roughwork.According"/>
</testsuite> <!-- roughwork.According -->
