<?xml version="1.0" encoding="UTF-8"?>
<!-- Generated by org.testng.reporters.JUnitReportReporter -->
<testsuite skipped="0" hostname="BYREDDY" name="roughwork.PracticeQuora" tests="1" failures="0" timestamp="25 Mar 2019 22:38:59 GMT" time="14.248" errors="0">
  <testcase name="dynamicallyLoaded" time="14.248" classname="roughwork.PracticeQuora"/>
</testsuite> <!-- roughwork.PracticeQuora -->
