<?xml version="1.0" encoding="UTF-8"?>
<!-- Generated by org.testng.reporters.JUnitReportReporter -->
<testsuite skipped="0" hostname="BYREDDY" name="roughwork.NInjaSite" tests="1" failures="0" timestamp="28 Mar 2019 01:25:42 GMT" time="21.890" errors="0">
  <testcase name="register" time="21.890" classname="roughwork.NInjaSite"/>
</testsuite> <!-- roughwork.NInjaSite -->
