<?xml version="1.0" encoding="UTF-8"?>
<!-- Generated by org.testng.reporters.JUnitReportReporter -->
<testsuite skipped="0" hostname="MYCBJWK3736HZ1" name="testcases.LoginTest" tests="1" failures="0" timestamp="01 Mar 2019 07:28:24 GMT" time="2.288" errors="0">
  <testcase name="login" time="2.288" classname="testcases.LoginTest"/>
</testsuite> <!-- testcases.LoginTest -->
