<?xml version="1.0" encoding="UTF-8"?>
<!-- Generated by org.testng.reporters.JUnitReportReporter -->
<testsuite skipped="0" hostname="BYREDDY" name="roughwork.HandleMultipleWindow" tests="1" failures="0" timestamp="25 Mar 2019 22:40:41 GMT" time="15.879" errors="0">
  <testcase name="Windows" time="15.879" classname="roughwork.HandleMultipleWindow"/>
</testsuite> <!-- roughwork.HandleMultipleWindow -->
