<?xml version="1.0" encoding="UTF-8"?>
<!-- Generated by org.testng.reporters.JUnitReportReporter -->
<testsuite skipped="0" hostname="BYREDDY" name="roughwork.InputForm" tests="1" failures="0" timestamp="26 Mar 2019 13:52:36 GMT" time="12.898" errors="0">
  <testcase name="boosttrapDatapickers" time="12.898" classname="roughwork.InputForm"/>
</testsuite> <!-- roughwork.InputForm -->
