<?xml version="1.0" encoding="UTF-8"?>
<!-- Generated by org.testng.reporters.JUnitReportReporter -->
<testsuite skipped="0" hostname="BYREDDY" name="roughwork.FlightDemo" tests="1" failures="0" timestamp="25 Mar 2019 07:18:30 GMT" time="56.904" errors="0">
  <testcase name="destinationarrival" time="56.904" classname="roughwork.FlightDemo"/>
</testsuite> <!-- roughwork.FlightDemo -->
