<?xml version="1.0" encoding="UTF-8"?>
<!-- Generated by org.testng.reporters.JUnitReportReporter -->
<testsuite skipped="0" hostname="BYREDDY" name="roughwork.Linkedin" tests="1" failures="0" timestamp="20 Mar 2019 14:11:38 GMT" time="13.410" errors="0">
  <testcase name="SignUp" time="13.410" classname="roughwork.Linkedin"/>
</testsuite> <!-- roughwork.Linkedin -->
