<?xml version="1.0" encoding="UTF-8"?>
<!-- Generated by org.testng.reporters.JUnitReportReporter -->
<testsuite skipped="0" hostname="BYREDDY" name="testcases.BankDetailsVerification" tests="2" failures="0" timestamp="17 Mar 2019 14:16:39 GMT" time="12.185" errors="0">
  <testcase name="Login" time="0.032" classname="testcases.BankDetailsVerification"/>
  <testcase name="AddCustomer" time="12.153" classname="testcases.BankDetailsVerification"/>
</testsuite> <!-- testcases.BankDetailsVerification -->
